Added Component: Designator=C1(CAPACITOR 1608 REFLOW)
Add component. Clean all parameters for all variants
Add component (AddParameter): Name = "Value"; Value = "1uF"; VariantName = "[No Variations]"
Added Component: Designator=C2(CAPACITOR 1608 REFLOW)
Add component. Clean all parameters for all variants
Add component (AddParameter): Name = "Value"; Value = "0.8pF"; VariantName = "[No Variations]"
Added Component: Designator=C3(CAPACITOR 1005 REFLOW)
Add component. Clean all parameters for all variants
Add component (AddParameter): Name = "Value"; Value = "100nF"; VariantName = "[No Variations]"
Added Component: Designator=C4(CAPACITOR 1005 REFLOW)
Add component. Clean all parameters for all variants
Add component (AddParameter): Name = "Value"; Value = "100nF"; VariantName = "[No Variations]"
Added Component: Designator=C5(CAPACITOR 1608 REFLOW)
Add component. Clean all parameters for all variants
Add component (AddParameter): Name = "Value"; Value = "4.7uF"; VariantName = "[No Variations]"
Added Component: Designator=C6(CAPACITOR 1005 REFLOW)
Add component. Clean all parameters for all variants
Add component (AddParameter): Name = "Value"; Value = "12pF"; VariantName = "[No Variations]"
Added Component: Designator=C7(CAPACITOR 1005 REFLOW)
Add component. Clean all parameters for all variants
Add component (AddParameter): Name = "Value"; Value = "12pF"; VariantName = "[No Variations]"
Added Component: Designator=C8(CAPACITOR 1005 REFLOW)
Add component. Clean all parameters for all variants
Add component (AddParameter): Name = "Value"; Value = "100nF"; VariantName = "[No Variations]"
Added Component: Designator=C11(CAPACITOR 1005 REFLOW)
Add component. Clean all parameters for all variants
Add component (AddParameter): Name = "Value"; Value = "100nF"; VariantName = "[No Variations]"
Added Component: Designator=C12(CAPACITOR 1005 REFLOW)
Add component. Clean all parameters for all variants
Add component (AddParameter): Name = "Value"; Value = "10nF"; VariantName = "[No Variations]"
Added Component: Designator=C13(CAPACITOR 1005 REFLOW)
Add component. Clean all parameters for all variants
Add component (AddParameter): Name = "Value"; Value = "680nF"; VariantName = "[No Variations]"
Added Component: Designator=IC1(QFN50P500X500X80-33N)
Add component. Clean all parameters for all variants
Add component (AddParameter): Name = "Datasheet Link"; Value = "https://componentsearchengine.com/Datasheets/1/nRF52810-QCAA-T.pdf"; VariantName = "[No Variations]"
Add component (AddParameter): Name = "Height"; Value = "0.8mm"; VariantName = "[No Variations]"
Add component (AddParameter): Name = "Manufacturer_Name"; Value = "Nordic Semiconductor"; VariantName = "[No Variations]"
Add component (AddParameter): Name = "Manufacturer_Part_Number"; Value = "NRF52810-QCAA-T"; VariantName = "[No Variations]"
Add component (AddParameter): Name = "Mouser Part Number"; Value = "949-NRF52810-QCAA-T"; VariantName = "[No Variations]"
Add component (AddParameter): Name = "Mouser Price/Stock"; Value = "https://www.mouser.co.uk/ProductDetail/Nordic-Semiconductor/nRF52810-QCAA-T?qs=5aG0NVq1C4ykfpvypn%2FnAA%3D%3D"; VariantName = "[No Variations]"
Add component (AddParameter): Name = "RS Part Number"; Value = "1697120P"; VariantName = "[No Variations]"
Add component (AddParameter): Name = "RS Price/Stock"; Value = "http://uk.rs-online.com/web/p/products/1697120P"; VariantName = "[No Variations]"
Added Component: Designator=IC2(SOT95P237X112-3N)
Add component. Clean all parameters for all variants
Add component (AddParameter): Name = "Datasheet Link"; Value = "https://www.renesas.com/en-us/www/doc/datasheet/isl21080.pdf"; VariantName = "[No Variations]"
Add component (AddParameter): Name = "Height"; Value = "1.12mm"; VariantName = "[No Variations]"
Add component (AddParameter): Name = "Manufacturer_Name"; Value = "Renesas Electronics"; VariantName = "[No Variations]"
Add component (AddParameter): Name = "Manufacturer_Part_Number"; Value = "ISL21080CIH315Z-TK"; VariantName = "[No Variations]"
Add component (AddParameter): Name = "Mouser Part Number"; Value = "968-ISL21080CIH315ZT"; VariantName = "[No Variations]"
Add component (AddParameter): Name = "Mouser Price/Stock"; Value = "http://www.mouser.com/Search/ProductDetail.aspx?qs=9fLuogzTs8LxZWNzls3EKw%3d%3d"; VariantName = "[No Variations]"
Add component (AddParameter): Name = "RS Part Number"; Value = ""; VariantName = "[No Variations]"
Add component (AddParameter): Name = "RS Price/Stock"; Value = ""; VariantName = "[No Variations]"
Added Component: Designator=IC3(OPA2316 - VSSOP)
Add component. Clean all parameters for all variants
Added Component: Designator=IC4(OPA2316 - VSSOP)
Add component. Clean all parameters for all variants
Added Component: Designator=J1(PinHeader1x2 P1.27)
Add component. Clean all parameters for all variants
Add component (AddParameter): Name = "Value"; Value = ""; VariantName = "[No Variations]"
Added Component: Designator=J2(PinHeader1x5 P1.27)
Add component. Clean all parameters for all variants
Add component (AddParameter): Name = "Value"; Value = ""; VariantName = "[No Variations]"
Added Component: Designator=L1(INDUCTOR 1608 REFLOW)
Add component. Clean all parameters for all variants
Add component (AddParameter): Name = "Value"; Value = "15nH"; VariantName = "[No Variations]"
Added Component: Designator=L2(INDUCTOR 2012 REFLOW)
Add component. Clean all parameters for all variants
Add component (AddParameter): Name = "Value"; Value = "10uH"; VariantName = "[No Variations]"
Added Component: Designator=L3(INDUCTOR 2012 REFLOW)
Add component. Clean all parameters for all variants
Add component (AddParameter): Name = "Value"; Value = "3.9nH"; VariantName = "[No Variations]"
Added Component: Designator=R1(RESISTOR 1005 REFLOW)
Add component. Clean all parameters for all variants
Add component (AddParameter): Name = "Value"; Value = "220K"; VariantName = "[No Variations]"
Added Component: Designator=R2(RESISTOR 1005 REFLOW)
Add component. Clean all parameters for all variants
Add component (AddParameter): Name = "Value"; Value = "22k"; VariantName = "[No Variations]"
Added Component: Designator=R3(RESISTOR 1005 REFLOW)
Add component. Clean all parameters for all variants
Add component (AddParameter): Name = "Value"; Value = "100k"; VariantName = "[No Variations]"
Added Component: Designator=R4(RESISTOR 1005 REFLOW)
Add component. Clean all parameters for all variants
Add component (AddParameter): Name = "Value"; Value = "10k"; VariantName = "[No Variations]"
Added Component: Designator=R5(RESISTOR 1005 REFLOW)
Add component. Clean all parameters for all variants
Add component (AddParameter): Name = "Value"; Value = "10k"; VariantName = "[No Variations]"
Added Component: Designator=R6(RESISTOR 1005 REFLOW)
Add component. Clean all parameters for all variants
Add component (AddParameter): Name = "Value"; Value = "50k"; VariantName = "[No Variations]"
Added Component: Designator=R7(RESISTOR 1005 REFLOW)
Add component. Clean all parameters for all variants
Add component (AddParameter): Name = "Value"; Value = "10k"; VariantName = "[No Variations]"
Added Component: Designator=R8(RESISTOR 1005 REFLOW)
Add component. Clean all parameters for all variants
Add component (AddParameter): Name = "Value"; Value = "22k"; VariantName = "[No Variations]"
Added Component: Designator=S1(Push Switch Panasonic EVQ-P7J01P)
Add component. Clean all parameters for all variants
Add component (AddParameter): Name = "Value"; Value = ""; VariantName = "[No Variations]"
Added Component: Designator=U1(BATHLD001)
Add component. Clean all parameters for all variants
Add component (AddParameter): Name = "Datasheet Link"; Value = "https://www.mouser.com/ds/2/238/bat-hld-001-220194.pdf"; VariantName = "[No Variations]"
Add component (AddParameter): Name = "Height"; Value = "4mm"; VariantName = "[No Variations]"
Add component (AddParameter): Name = "Manufacturer_Name"; Value = "Linx Technologies"; VariantName = "[No Variations]"
Add component (AddParameter): Name = "Manufacturer_Part_Number"; Value = "BAT-HLD-001"; VariantName = "[No Variations]"
Add component (AddParameter): Name = "Mouser Part Number"; Value = "712-BAT-HLD-001"; VariantName = "[No Variations]"
Add component (AddParameter): Name = "Mouser Price/Stock"; Value = "https://www.mouser.co.uk/ProductDetail/Linx-Technologies/BAT-HLD-001?qs=K5ta8V%252BWhta7hbVGfm4dqA%3D%3D"; VariantName = "[No Variations]"
Add component (AddParameter): Name = "RS Part Number"; Value = ""; VariantName = "[No Variations]"
Add component (AddParameter): Name = "RS Price/Stock"; Value = ""; VariantName = "[No Variations]"
Added Component: Designator=X1(FA20H160000MF12ZAC3)
Add component. Clean all parameters for all variants
Add component (AddParameter): Name = "Datasheet Link"; Value = "https://support.epson.biz/td/api/doc_check.php?dl=brief_FA-20H&lang=en"; VariantName = "[No Variations]"
Add component (AddParameter): Name = "Height"; Value = "0.55mm"; VariantName = "[No Variations]"
Add component (AddParameter): Name = "Manufacturer_Name"; Value = "Epson Timing"; VariantName = "[No Variations]"
Add component (AddParameter): Name = "Manufacturer_Part_Number"; Value = "FA-20H 32.0000MF20X-K5"; VariantName = "[No Variations]"
Add component (AddParameter): Name = "Mouser Part Number"; Value = "732-FA-20H32MF20X-K5"; VariantName = "[No Variations]"
Add component (AddParameter): Name = "Mouser Price/Stock"; Value = "https://www.mouser.co.uk/ProductDetail/Epson-Timing/FA-20H-320000MF20X-K5?qs=f9yNj16SXrLwvA3JhG%252BQFg%3D%3D"; VariantName = "[No Variations]"
Add component (AddParameter): Name = "RS Part Number"; Value = ""; VariantName = "[No Variations]"
Add component (AddParameter): Name = "RS Price/Stock"; Value = ""; VariantName = "[No Variations]"
Added Pin To Net: NetName=+1.5V Pin=IC1-28
Added Pin To Net: NetName=+1.5V Pin=IC2-2
Added Pin To Net: NetName=+1.5V Pin=J1-2
Added Pin To Net: NetName=+1.5V Pin=R5-1
Added Pin To Net: NetName=+1.5V Pin=R6-1
Added Pin To Net: NetName=+1.5V Pin=R7-1
Added Net: Name=+1.5V
Added Pin To Net: NetName=+3V Pin=C3-2
Added Pin To Net: NetName=+3V Pin=C5-2
Added Pin To Net: NetName=+3V Pin=C11-2
Added Pin To Net: NetName=+3V Pin=IC1-9
Added Pin To Net: NetName=+3V Pin=IC1-25
Added Pin To Net: NetName=+3V Pin=IC1-27
Added Pin To Net: NetName=+3V Pin=IC1-32
Added Pin To Net: NetName=+3V Pin=IC2-1
Added Pin To Net: NetName=+3V Pin=IC3-10
Added Pin To Net: NetName=+3V Pin=IC4-10
Added Pin To Net: NetName=+3V Pin=J2-1
Added Pin To Net: NetName=+3V Pin=R1-2
Added Pin To Net: NetName=+3V Pin=U1-3
Added Net: Name=+3V
Added Pin To Net: NetName=ANT Pin=L3-2
Added Net: Name=ANT
Added Pin To Net: NetName=GND Pin=C1-1
Added Pin To Net: NetName=GND Pin=C2-1
Added Pin To Net: NetName=GND Pin=C3-1
Added Pin To Net: NetName=GND Pin=C4-1
Added Pin To Net: NetName=GND Pin=C5-1
Added Pin To Net: NetName=GND Pin=C6-2
Added Pin To Net: NetName=GND Pin=C7-2
Added Pin To Net: NetName=GND Pin=C8-2
Added Pin To Net: NetName=GND Pin=C11-1
Added Pin To Net: NetName=GND Pin=C13-1
Added Pin To Net: NetName=GND Pin=IC1-20
Added Pin To Net: NetName=GND Pin=IC1-29
Added Pin To Net: NetName=GND Pin=IC1-33
Added Pin To Net: NetName=GND Pin=IC2-3
Added Pin To Net: NetName=GND Pin=IC3-4
Added Pin To Net: NetName=GND Pin=IC4-2
Added Pin To Net: NetName=GND Pin=IC4-3
Added Pin To Net: NetName=GND Pin=IC4-4
Added Pin To Net: NetName=GND Pin=IC4-6
Added Pin To Net: NetName=GND Pin=J2-5
Added Pin To Net: NetName=GND Pin=S1-1
Added Pin To Net: NetName=GND Pin=S1-1
Added Pin To Net: NetName=GND Pin=U1-1
Added Pin To Net: NetName=GND Pin=U1-2
Added Pin To Net: NetName=GND Pin=X1-2
Added Pin To Net: NetName=GND Pin=X1-4
Added Net: Name=GND
Added Pin To Net: NetName=NetC1_2 Pin=C1-2
Added Pin To Net: NetName=NetC1_2 Pin=IC1-30
Added Pin To Net: NetName=NetC1_2 Pin=L1-1
Added Net: Name=NetC1_2
Added Pin To Net: NetName=NetC2_2 Pin=C2-2
Added Pin To Net: NetName=NetC2_2 Pin=IC1-19
Added Pin To Net: NetName=NetC2_2 Pin=L3-1
Added Net: Name=NetC2_2
Added Pin To Net: NetName=NetC4_2 Pin=C4-2
Added Pin To Net: NetName=NetC4_2 Pin=IC1-1
Added Net: Name=NetC4_2
Added Pin To Net: NetName=NetC6_1 Pin=C6-1
Added Pin To Net: NetName=NetC6_1 Pin=IC1-24
Added Pin To Net: NetName=NetC6_1 Pin=X1-3
Added Net: Name=NetC6_1
Added Pin To Net: NetName=NetC7_1 Pin=C7-1
Added Pin To Net: NetName=NetC7_1 Pin=IC1-23
Added Pin To Net: NetName=NetC7_1 Pin=X1-1
Added Net: Name=NetC7_1
Added Pin To Net: NetName=NetC8_1 Pin=C8-1
Added Pin To Net: NetName=NetC8_1 Pin=IC1-22
Added Net: Name=NetC8_1
Added Pin To Net: NetName=NetC12_1 Pin=C12-1
Added Pin To Net: NetName=NetC12_1 Pin=R3-2
Added Net: Name=NetC12_1
Added Pin To Net: NetName=NetIC1_4 Pin=IC1-4
Added Pin To Net: NetName=NetIC1_4 Pin=IC4-9
Added Pin To Net: NetName=NetIC1_4 Pin=R8-1
Added Net: Name=NetIC1_4
Added Pin To Net: NetName=NetIC1_5 Pin=IC1-5
Added Pin To Net: NetName=NetIC1_5 Pin=IC3-1
Added Pin To Net: NetName=NetIC1_5 Pin=R2-1
Added Net: Name=NetIC1_5
Added Pin To Net: NetName=NetIC1_16 Pin=IC1-16
Added Pin To Net: NetName=NetIC1_16 Pin=J2-4
Added Net: Name=NetIC1_16
Added Pin To Net: NetName=NetIC1_17 Pin=IC1-17
Added Pin To Net: NetName=NetIC1_17 Pin=J2-3
Added Net: Name=NetIC1_17
Added Pin To Net: NetName=NetIC1_18 Pin=IC1-18
Added Pin To Net: NetName=NetIC1_18 Pin=J2-2
Added Net: Name=NetIC1_18
Added Pin To Net: NetName=NetIC1_31 Pin=IC1-31
Added Pin To Net: NetName=NetIC1_31 Pin=L2-2
Added Net: Name=NetIC1_31
Added Pin To Net: NetName=NetIC3_2 Pin=IC3-2
Added Pin To Net: NetName=NetIC3_2 Pin=R2-2
Added Pin To Net: NetName=NetIC3_2 Pin=R5-2
Added Net: Name=NetIC3_2
Added Pin To Net: NetName=NetIC3_7 Pin=IC3-7
Added Pin To Net: NetName=NetIC3_7 Pin=R3-1
Added Pin To Net: NetName=NetIC3_7 Pin=R6-2
Added Net: Name=NetIC3_7
Added Pin To Net: NetName=NetIC3_8 Pin=IC3-8
Added Pin To Net: NetName=NetIC3_8 Pin=IC3-9
Added Pin To Net: NetName=NetIC3_8 Pin=IC4-7
Added Pin To Net: NetName=NetIC3_8 Pin=R4-2
Added Net: Name=NetIC3_8
Added Pin To Net: NetName=NetIC4_8 Pin=IC4-8
Added Pin To Net: NetName=NetIC4_8 Pin=R7-2
Added Pin To Net: NetName=NetIC4_8 Pin=R8-2
Added Net: Name=NetIC4_8
Added Pin To Net: NetName=NetL1_2 Pin=L1-2
Added Pin To Net: NetName=NetL1_2 Pin=L2-1
Added Net: Name=NetL1_2
Added Pin To Net: NetName=PROBE Pin=IC3-3
Added Pin To Net: NetName=PROBE Pin=J1-1
Added Pin To Net: NetName=PROBE Pin=R4-1
Added Net: Name=PROBE
Added Pin To Net: NetName=SHDWN Pin=IC1-8
Added Pin To Net: NetName=SHDWN Pin=IC3-5
Added Pin To Net: NetName=SHDWN Pin=IC3-6
Added Pin To Net: NetName=SHDWN Pin=IC4-5
Added Net: Name=SHDWN
Added Pin To Net: NetName=SIGPROBE Pin=C12-2
Added Pin To Net: NetName=SIGPROBE Pin=IC1-7
Added Net: Name=SIGPROBE
Added Pin To Net: NetName=SW Pin=C13-2
Added Pin To Net: NetName=SW Pin=IC1-6
Added Pin To Net: NetName=SW Pin=R1-1
Added Pin To Net: NetName=SW Pin=S1-2
Added Pin To Net: NetName=SW Pin=S1-2
Added Net: Name=SW
Added Class: Name=ELN1project
Added Room: Name=ELN1project
